<?xml version="1.0" encoding="utf-8"?><testsuites name="pytest tests"><testsuite name="pytest" errors="0" failures="0" skipped="0" tests="17" time="4.656" timestamp="2026-02-22T09:27:21.647665+00:00" hostname="agent-env-77702251-a7c4-42e2-930d-2e0bec47ddce"><testcase classname="backend.tests.test_admin_dashboard.TestAdminLogin" name="test_admin_login_success" time="0.227" /><testcase classname="backend.tests.test_admin_dashboard.TestAdminLogin" name="test_admin_login_invalid_email" time="0.104" /><testcase classname="backend.tests.test_admin_dashboard.TestAdminLogin" name="test_admin_login_invalid_password" time="0.130" /><testcase classname="backend.tests.test_admin_dashboard.TestAdminStats" name="test_get_admin_stats" time="0.229" /><testcase classname="backend.tests.test_admin_dashboard.TestAdminStats" name="test_stats_without_auth" time="0.242" /><testcase classname="backend.tests.test_admin_dashboard.TestAdminUsers" name="test_list_users" time="0.188" /><testcase classname="backend.tests.test_admin_dashboard.TestAdminUsers" name="test_get_user_details" time="0.298" /><testcase classname="backend.tests.test_admin_dashboard.TestAdminUsers" name="test_toggle_user_status" time="0.416" /><testcase classname="backend.tests.test_admin_dashboard.TestAdminUsers" name="test_impersonate_user" time="0.285" /><testcase classname="backend.tests.test_admin_dashboard.TestAdminOrganizations" name="test_list_organizations" time="0.260" /><testcase classname="backend.tests.test_admin_dashboard.TestAdminBlog" name="test_list_blog_posts" time="0.218" /><testcase classname="backend.tests.test_admin_dashboard.TestAdminBlog" name="test_create_blog_post" time="0.291" /><testcase classname="backend.tests.test_admin_dashboard.TestAdminBlog" name="test_update_blog_post" time="0.393" /><testcase classname="backend.tests.test_admin_dashboard.TestAdminBlog" name="test_delete_blog_post" time="0.383" /><testcase classname="backend.tests.test_admin_dashboard.TestAdminFeatureFlags" name="test_get_feature_flags" time="0.214" /><testcase classname="backend.tests.test_admin_dashboard.TestAdminFeatureFlags" name="test_update_feature_flags" time="0.512" /><testcase classname="backend.tests.test_admin_dashboard.TestAdminAuditLogs" name="test_get_audit_logs" time="0.185" /></testsuite></testsuites>