<?xml version="1.0" encoding="utf-8"?><testsuites name="pytest tests"><testsuite name="pytest" errors="0" failures="0" skipped="0" tests="8" time="4.046" timestamp="2026-02-22T03:10:26.818927+00:00" hostname="agent-env-3c74b23d-54b2-42e1-bb03-86fbeb77999a"><testcase classname="tests.test_ai_insights_and_payments.TestBackendAPIs" name="test_ai_quick_stats_endpoint" time="0.550" /><testcase classname="tests.test_ai_insights_and_payments.TestBackendAPIs" name="test_ai_insights_requires_pro_plan" time="0.461" /><testcase classname="tests.test_ai_insights_and_payments.TestBackendAPIs" name="test_ai_insights_requires_authentication" time="0.583" /><testcase classname="tests.test_ai_insights_and_payments.TestBackendAPIs" name="test_rent_payments_endpoint" time="0.491" /><testcase classname="tests.test_ai_insights_and_payments.TestBackendAPIs" name="test_rent_payments_summary_endpoint" time="0.455" /><testcase classname="tests.test_ai_insights_and_payments.TestBackendAPIs" name="test_billing_subscription_status" time="0.491" /><testcase classname="tests.test_ai_insights_and_payments.TestBackendAPIs" name="test_tenant_portal_rent_payments_requires_tenant_auth" time="0.533" /><testcase classname="tests.test_ai_insights_and_payments.TestTenantPortalRentPayments" name="test_tenant_portal_rent_payments_returns_array" time="0.409" /></testsuite></testsuites>