<?xml version="1.0" encoding="utf-8"?><testsuites name="pytest tests"><testsuite name="pytest" errors="0" failures="1" skipped="0" tests="8" time="4.317" timestamp="2026-02-22T03:09:43.058553+00:00" hostname="agent-env-3c74b23d-54b2-42e1-bb03-86fbeb77999a"><testcase classname="tests.test_ai_insights_and_payments.TestBackendAPIs" name="test_ai_quick_stats_endpoint" time="0.567" /><testcase classname="tests.test_ai_insights_and_payments.TestBackendAPIs" name="test_ai_insights_requires_pro_plan" time="0.503" /><testcase classname="tests.test_ai_insights_and_payments.TestBackendAPIs" name="test_ai_insights_requires_authentication" time="0.621" /><testcase classname="tests.test_ai_insights_and_payments.TestBackendAPIs" name="test_rent_payments_endpoint" time="0.530" /><testcase classname="tests.test_ai_insights_and_payments.TestBackendAPIs" name="test_rent_payments_summary_endpoint" time="0.522"><failure message="AssertionError: Response should contain 'total_outstanding' field&#10;assert 'total_outstanding' in {'collection_rate': 0, 'outstanding': 0, 'overdue_count': 0, 'paid_count': 0, ...}">tests/test_ai_insights_and_payments.py:143: in test_rent_payments_summary_endpoint
    assert "total_outstanding" in data, "Response should contain 'total_outstanding' field"
E   AssertionError: Response should contain 'total_outstanding' field
E   assert 'total_outstanding' in {'collection_rate': 0, 'outstanding': 0, 'overdue_count': 0, 'paid_count': 0, ...}</failure></testcase><testcase classname="tests.test_ai_insights_and_payments.TestBackendAPIs" name="test_billing_subscription_status" time="0.460" /><testcase classname="tests.test_ai_insights_and_payments.TestBackendAPIs" name="test_tenant_portal_rent_payments_requires_tenant_auth" time="0.528" /><testcase classname="tests.test_ai_insights_and_payments.TestTenantPortalRentPayments" name="test_tenant_portal_rent_payments_returns_array" time="0.496" /></testsuite></testsuites>