<?xml version="1.0" encoding="utf-8"?><testsuites name="pytest tests"><testsuite name="pytest" errors="0" failures="1" skipped="0" tests="7" time="1.797" timestamp="2026-02-24T21:23:03.716203+00:00" hostname="agent-env-ce4ebed3-cf47-458a-9d92-2c0837942044"><testcase classname="backend.tests.test_bug_fixes.TestOwnerPortalLogin" name="test_create_test_owner_endpoint" time="0.169" /><testcase classname="backend.tests.test_bug_fixes.TestOwnerPortalLogin" name="test_owner_login_with_valid_credentials" time="0.373" /><testcase classname="backend.tests.test_bug_fixes.TestOwnerPortalLogin" name="test_owner_login_with_invalid_credentials" time="0.385" /><testcase classname="backend.tests.test_bug_fixes.TestContractorPortal" name="test_contractor_login" time="0.359" /><testcase classname="backend.tests.test_bug_fixes.TestPublicAPIs" name="test_health_endpoint" time="0.137" /><testcase classname="backend.tests.test_bug_fixes.TestPublicAPIs" name="test_public_vacancies" time="0.118" /><testcase classname="backend.tests.test_bug_fixes.TestTenantPortal" name="test_tenant_login" time="0.184"><failure message="AssertionError: Expected 200, got 401: {&quot;detail&quot;:&quot;Invalid credentials&quot;}&#10;assert 401 == 200&#10; +  where 401 = &lt;Response [401]&gt;.status_code">backend/tests/test_bug_fixes.py:114: in test_tenant_login
    assert response.status_code == 200, f"Expected 200, got {response.status_code}: {response.text}"
E   AssertionError: Expected 200, got 401: {"detail":"Invalid credentials"}
E   assert 401 == 200
E    +  where 401 = &lt;Response [401]&gt;.status_code</failure></testcase></testsuite></testsuites>