<?xml version="1.0" encoding="utf-8"?><testsuites name="pytest tests"><testsuite name="pytest" errors="0" failures="0" skipped="0" tests="7" time="1.675" timestamp="2026-02-24T21:23:25.086637+00:00" hostname="agent-env-ce4ebed3-cf47-458a-9d92-2c0837942044"><testcase classname="backend.tests.test_bug_fixes.TestOwnerPortalLogin" name="test_create_test_owner_endpoint" time="0.176" /><testcase classname="backend.tests.test_bug_fixes.TestOwnerPortalLogin" name="test_owner_login_with_valid_credentials" time="0.333" /><testcase classname="backend.tests.test_bug_fixes.TestOwnerPortalLogin" name="test_owner_login_with_invalid_credentials" time="0.341" /><testcase classname="backend.tests.test_bug_fixes.TestContractorPortal" name="test_contractor_login" time="0.392" /><testcase classname="backend.tests.test_bug_fixes.TestPublicAPIs" name="test_health_endpoint" time="0.118" /><testcase classname="backend.tests.test_bug_fixes.TestPublicAPIs" name="test_public_vacancies" time="0.131" /><testcase classname="backend.tests.test_bug_fixes.TestTenantPortal" name="test_tenant_portal_login_endpoint_exists" time="0.128" /></testsuite></testsuites>