<?xml version="1.0" encoding="utf-8"?><testsuites name="pytest tests"><testsuite name="pytest" errors="0" failures="2" skipped="6" tests="19" time="6.467" timestamp="2026-02-23T02:09:57.031188+00:00" hostname="agent-env-77702251-a7c4-42e2-930d-2e0bec47ddce"><testcase classname="backend.tests.test_comprehensive_features.TestHealthAndBasics" name="test_api_health" time="0.163" /><testcase classname="backend.tests.test_comprehensive_features.TestManagerAuthFlow" name="test_manager_login_success" time="0.345" /><testcase classname="backend.tests.test_comprehensive_features.TestManagerAuthFlow" name="test_manager_login_invalid_password" time="0.351" /><testcase classname="backend.tests.test_comprehensive_features.TestManagerAuthFlow" name="test_dashboard_stats" time="0.352" /><testcase classname="backend.tests.test_comprehensive_features.TestContractorAuth" name="test_contractor_login_success" time="0.342" /><testcase classname="backend.tests.test_comprehensive_features.TestContractorAuth" name="test_contractor_login_invalid" time="0.122" /><testcase classname="backend.tests.test_comprehensive_features.TestAdminAuth" name="test_admin_login_success" time="0.126" /><testcase classname="backend.tests.test_comprehensive_features.TestAdminAuth" name="test_admin_login_invalid" time="0.105" /><testcase classname="backend.tests.test_comprehensive_features.TestPropertyCRUD" name="test_list_properties" time="0.501"><skipped type="pytest.skip" message="No organization ID available">/app/backend/tests/test_comprehensive_features.py:159: No organization ID available</skipped></testcase><testcase classname="backend.tests.test_comprehensive_features.TestTenantCRUD" name="test_list_tenants" time="0.548"><skipped type="pytest.skip" message="No organization ID available">/app/backend/tests/test_comprehensive_features.py:197: No organization ID available</skipped></testcase><testcase classname="backend.tests.test_comprehensive_features.TestMaintenanceRequests" name="test_list_maintenance_requests" time="0.531"><skipped type="pytest.skip" message="No organization ID available">/app/backend/tests/test_comprehensive_features.py:235: No organization ID available</skipped></testcase><testcase classname="backend.tests.test_comprehensive_features.TestInspections" name="test_list_inspections" time="0.469"><skipped type="pytest.skip" message="No organization ID available">/app/backend/tests/test_comprehensive_features.py:273: No organization ID available</skipped></testcase><testcase classname="backend.tests.test_comprehensive_features.TestRentPayments" name="test_list_rent_payments" time="0.469"><skipped type="pytest.skip" message="No organization ID available">/app/backend/tests/test_comprehensive_features.py:311: No organization ID available</skipped></testcase><testcase classname="backend.tests.test_comprehensive_features.TestDocuments" name="test_list_documents" time="0.599"><skipped type="pytest.skip" message="No organization ID available">/app/backend/tests/test_comprehensive_features.py:349: No organization ID available</skipped></testcase><testcase classname="backend.tests.test_comprehensive_features.TestNotifications" name="test_list_notifications" time="0.518" /><testcase classname="backend.tests.test_comprehensive_features.TestPublicPages" name="test_blog_posts" time="0.184"><failure message="assert 404 == 200&#10; +  where 404 = &lt;Response [404]&gt;.status_code">backend/tests/test_comprehensive_features.py:392: in test_blog_posts
    assert response.status_code == 200
E   assert 404 == 200
E    +  where 404 = &lt;Response [404]&gt;.status_code</failure></testcase><testcase classname="backend.tests.test_comprehensive_features.TestPublicPages" name="test_health_endpoint" time="0.128" /><testcase classname="backend.tests.test_comprehensive_features.TestContractorRegistration" name="test_contractor_registration_endpoint" time="0.108" /><testcase classname="backend.tests.test_comprehensive_features.TestContractorRegistration" name="test_contractor_registration_validation" time="0.408"><failure message="assert 200 in [400, 422]&#10; +  where 200 = &lt;Response [200]&gt;.status_code">backend/tests/test_comprehensive_features.py:428: in test_contractor_registration_validation
    assert response.status_code in [400, 422]
E   assert 200 in [400, 422]
E    +  where 200 = &lt;Response [200]&gt;.status_code</failure></testcase></testsuite></testsuites>