<?xml version="1.0" encoding="utf-8"?><testsuites name="pytest tests"><testsuite name="pytest" errors="0" failures="4" skipped="0" tests="26" time="9.801" timestamp="2026-02-23T03:42:49.414451+00:00" hostname="agent-env-f0ec7623-1c7c-40e3-8f7c-fbf253c49d9e"><testcase classname="backend.tests.test_deployment_readiness.TestHealthCheck" name="test_api_health" time="0.240" /><testcase classname="backend.tests.test_deployment_readiness.TestHealthCheck" name="test_root_endpoint" time="0.133" /><testcase classname="backend.tests.test_deployment_readiness.TestManagerAuthentication" name="test_manager_login_success" time="0.358" /><testcase classname="backend.tests.test_deployment_readiness.TestManagerAuthentication" name="test_manager_login_invalid_credentials" time="0.364" /><testcase classname="backend.tests.test_deployment_readiness.TestManagerAuthentication" name="test_manager_me_endpoint" time="0.543" /><testcase classname="backend.tests.test_deployment_readiness.TestContractorAuthentication" name="test_contractor_login_success" time="0.357" /><testcase classname="backend.tests.test_deployment_readiness.TestContractorAuthentication" name="test_contractor_login_invalid" time="0.131" /><testcase classname="backend.tests.test_deployment_readiness.TestTenantPortalAuthentication" name="test_tenant_login_success" time="0.360" /><testcase classname="backend.tests.test_deployment_readiness.TestTenantPortalAuthentication" name="test_tenant_login_invalid" time="0.142" /><testcase classname="backend.tests.test_deployment_readiness.TestAdminAuthentication" name="test_admin_login_success" time="0.141" /><testcase classname="backend.tests.test_deployment_readiness.TestAdminAuthentication" name="test_admin_login_invalid" time="0.138" /><testcase classname="backend.tests.test_deployment_readiness.TestAdminAuthentication" name="test_admin_stats" time="0.264" /><testcase classname="backend.tests.test_deployment_readiness.TestOrganizations" name="test_list_organizations" time="0.503" /><testcase classname="backend.tests.test_deployment_readiness.TestDashboardData" name="test_dashboard_stats" time="0.730" /><testcase classname="backend.tests.test_deployment_readiness.TestDashboardData" name="test_list_properties" time="0.640" /><testcase classname="backend.tests.test_deployment_readiness.TestDashboardData" name="test_list_tenants" time="0.655" /><testcase classname="backend.tests.test_deployment_readiness.TestDashboardData" name="test_list_maintenance_requests" time="0.641"><failure message="assert 404 == 200&#10; +  where 404 = &lt;Response [404]&gt;.status_code">backend/tests/test_deployment_readiness.py:260: in test_list_maintenance_requests
    assert response.status_code == 200
E   assert 404 == 200
E    +  where 404 = &lt;Response [404]&gt;.status_code</failure></testcase><testcase classname="backend.tests.test_deployment_readiness.TestDashboardData" name="test_list_inspections" time="0.626" /><testcase classname="backend.tests.test_deployment_readiness.TestDashboardData" name="test_list_notifications" time="0.682" /><testcase classname="backend.tests.test_deployment_readiness.TestPublicEndpoints" name="test_blog_listing" time="0.133"><failure message="assert 404 == 200&#10; +  where 404 = &lt;Response [404]&gt;.status_code">backend/tests/test_deployment_readiness.py:293: in test_blog_listing
    assert response.status_code == 200
E   assert 404 == 200
E    +  where 404 = &lt;Response [404]&gt;.status_code</failure></testcase><testcase classname="backend.tests.test_deployment_readiness.TestPublicEndpoints" name="test_billing_plans" time="0.138" /><testcase classname="backend.tests.test_deployment_readiness.TestBillingEndpoints" name="test_subscription_status" time="0.505" /><testcase classname="backend.tests.test_deployment_readiness.TestContractorRegistration" name="test_registration_endpoint_exists" time="0.130" /><testcase classname="backend.tests.test_deployment_readiness.TestContractorRegistration" name="test_registration_requires_specialties" time="0.353"><failure message="assert 200 in [400, 422]&#10; +  where 200 = &lt;Response [200]&gt;.status_code">backend/tests/test_deployment_readiness.py:348: in test_registration_requires_specialties
    assert response.status_code in [400, 422]
E   assert 200 in [400, 422]
E    +  where 200 = &lt;Response [200]&gt;.status_code</failure></testcase><testcase classname="backend.tests.test_deployment_readiness.TestFeatureFlags" name="test_public_feature_flags" time="0.134"><failure message="assert 403 == 200&#10; +  where 403 = &lt;Response [403]&gt;.status_code">backend/tests/test_deployment_readiness.py:358: in test_public_feature_flags
    assert response.status_code == 200
E   assert 403 == 200
E    +  where 403 = &lt;Response [403]&gt;.status_code</failure></testcase><testcase classname="backend.tests.test_deployment_readiness.TestCalendarAndReports" name="test_calendar_events" time="0.638" /></testsuite></testsuites>