<?xml version="1.0" encoding="utf-8"?><testsuites name="pytest tests"><testsuite name="pytest" errors="0" failures="0" skipped="0" tests="12" time="3.478" timestamp="2026-02-24T21:49:56.155363+00:00" hostname="agent-env-ce4ebed3-cf47-458a-9d92-2c0837942044"><testcase classname="backend.tests.test_esign.TestESignatureTemplates" name="test_get_templates_empty" time="0.592" /><testcase classname="backend.tests.test_esign.TestESignatureTemplates" name="test_upload_template_no_file" time="0.154" /><testcase classname="backend.tests.test_esign.TestESignatureTemplates" name="test_upload_template_with_pdf" time="0.162" /><testcase classname="backend.tests.test_esign.TestESignatureDocuments" name="test_get_documents_list" time="0.163" /><testcase classname="backend.tests.test_esign.TestESignatureDocuments" name="test_send_document_for_signature" time="0.382" /><testcase classname="backend.tests.test_esign.TestESignatureDocuments" name="test_send_document_invalid_template" time="0.143" /><testcase classname="backend.tests.test_esign.TestPublicSigningEndpoints" name="test_get_document_for_signing" time="0.404" /><testcase classname="backend.tests.test_esign.TestPublicSigningEndpoints" name="test_get_document_invalid_token" time="0.166" /><testcase classname="backend.tests.test_esign.TestPublicSigningEndpoints" name="test_preview_document" time="0.131" /><testcase classname="backend.tests.test_esign.TestPublicSigningEndpoints" name="test_sign_document" time="0.234" /><testcase classname="backend.tests.test_esign.TestPublicSigningEndpoints" name="test_sign_already_signed_document" time="0.377" /><testcase classname="backend.tests.test_esign.TestESignatureCleanup" name="test_cleanup_test_templates" time="0.514" /></testsuite></testsuites>