<?xml version="1.0" encoding="utf-8"?><testsuites name="pytest tests"><testsuite name="pytest" errors="0" failures="0" skipped="0" tests="14" time="2.736" timestamp="2026-02-22T02:24:27.693836+00:00" hostname="agent-env-3c74b23d-54b2-42e1-bb03-86fbeb77999a"><testcase classname="backend.tests.test_new_features.TestBillingPlans" name="test_get_billing_plans" time="0.519" /><testcase classname="backend.tests.test_new_features.TestBillingPlans" name="test_billing_plan_pricing" time="0.141" /><testcase classname="backend.tests.test_new_features.TestBillingPlans" name="test_billing_plan_features" time="0.140" /><testcase classname="backend.tests.test_new_features.TestSubscriptionStatus" name="test_get_subscription_status" time="0.166" /><testcase classname="backend.tests.test_new_features.TestReportsEndpoint" name="test_reports_export_properties_csv" time="0.128" /><testcase classname="backend.tests.test_new_features.TestReportsEndpoint" name="test_reports_export_properties_pdf" time="0.152" /><testcase classname="backend.tests.test_new_features.TestReportsEndpoint" name="test_reports_all_types_exist" time="0.511" /><testcase classname="backend.tests.test_new_features.TestAnalyticsEndpoint" name="test_analytics_dashboard" time="0.139" /><testcase classname="backend.tests.test_new_features.TestApiKeysEndpoint" name="test_list_api_keys" time="0.149" /><testcase classname="backend.tests.test_new_features.TestApiKeysEndpoint" name="test_create_api_key_requires_pro" time="0.126" /><testcase classname="backend.tests.test_new_features.TestBrandingEndpoint" name="test_get_branding" time="0.122" /><testcase classname="backend.tests.test_new_features.TestBrandingEndpoint" name="test_update_branding_requires_pro" time="0.136" /><testcase classname="backend.tests.test_new_features.TestHealthEndpoints" name="test_api_health" time="0.107" /><testcase classname="backend.tests.test_new_features.TestHealthEndpoints" name="test_root_endpoint" time="0.120" /></testsuite></testsuites>