<?xml version="1.0" encoding="utf-8"?><testsuites name="pytest tests"><testsuite name="pytest" errors="0" failures="0" skipped="0" tests="10" time="2.838" timestamp="2026-02-22T03:33:26.283757+00:00" hostname="agent-env-1325d563-179f-427c-8217-0969e14f5e34"><testcase classname="tests.test_pricing_features.TestBillingPlansAPI" name="test_billing_plans_endpoint_returns_200" time="0.271" /><testcase classname="tests.test_pricing_features.TestBillingPlansAPI" name="test_billing_plans_has_three_tiers" time="0.108" /><testcase classname="tests.test_pricing_features.TestBillingPlansAPI" name="test_standard_tier_has_rent_payment_tracking" time="0.163" /><testcase classname="tests.test_pricing_features.TestBillingPlansAPI" name="test_pro_tier_has_ai_insights_dashboard" time="0.132" /><testcase classname="tests.test_pricing_features.TestBillingPlansAPI" name="test_standard_tier_pricing" time="0.151" /><testcase classname="tests.test_pricing_features.TestBillingPlansAPI" name="test_pro_tier_pricing" time="0.113" /><testcase classname="tests.test_pricing_features.TestMaintenanceAPI" name="test_maintenance_requests_endpoint" time="0.532" /><testcase classname="tests.test_pricing_features.TestMaintenanceAPI" name="test_contractors_endpoint" time="0.609" /><testcase classname="tests.test_pricing_features.TestContractorAssignment" name="test_assign_contractor_endpoint_exists" time="0.591" /><testcase classname="tests.test_pricing_features.TestTenantPortalPayments" name="test_tenant_portal_rent_payments_requires_auth" time="0.105" /></testsuite></testsuites>