<?xml version="1.0" encoding="utf-8"?><testsuites name="pytest tests"><testsuite name="pytest" errors="0" failures="0" skipped="0" tests="12" time="2.124" timestamp="2026-02-22T04:06:16.163156+00:00" hostname="agent-env-1325d563-179f-427c-8217-0969e14f5e34"><testcase classname="backend.tests.test_recent_changes.TestContractorMessagingAPI" name="test_manager_login" time="0.374" /><testcase classname="backend.tests.test_recent_changes.TestContractorMessagingAPI" name="test_contractor_login" time="0.331" /><testcase classname="backend.tests.test_recent_changes.TestContractorMessagingAPI" name="test_get_job_messages_endpoint_exists" time="0.391" /><testcase classname="backend.tests.test_recent_changes.TestContractorMessagingAPI" name="test_send_message_endpoint_exists" time="0.389" /><testcase classname="backend.tests.test_recent_changes.TestContractorMessagingAPI" name="test_contractor_get_job_messages" time="0.439" /><testcase classname="backend.tests.test_recent_changes.TestPWAManifest" name="test_manifest_exists" time="0.147" /><testcase classname="backend.tests.test_recent_changes.TestPWAManifest" name="test_manifest_structure" time="0.000" /><testcase classname="backend.tests.test_recent_changes.TestPWAManifest" name="test_manifest_has_shortcuts" time="0.000" /><testcase classname="backend.tests.test_recent_changes.TestPricingFeatures" name="test_landing_page_plan_features" time="0.000" /><testcase classname="backend.tests.test_recent_changes.TestPricingFeatures" name="test_no_rent_collector_video" time="0.000" /><testcase classname="backend.tests.test_recent_changes.TestMobileNav" name="test_mobile_nav_component_exists" time="0.000" /><testcase classname="backend.tests.test_recent_changes.TestMobileNav" name="test_layout_includes_mobile_nav" time="0.000" /></testsuite></testsuites>