<?xml version="1.0" encoding="utf-8"?><testsuites name="pytest tests"><testsuite name="pytest" errors="0" failures="0" skipped="0" tests="14" time="6.085" timestamp="2026-02-21T07:19:28.965344+00:00" hostname="agent-env-9529a78f-3fc5-462d-80da-2f667f7086df"><testcase classname="backend.tests.test_tenant_portal.TestTenantPortalAuth" name="test_tenant_register_success" time="0.341" /><testcase classname="backend.tests.test_tenant_portal.TestTenantPortalAuth" name="test_tenant_register_duplicate_email" time="0.436" /><testcase classname="backend.tests.test_tenant_portal.TestTenantPortalAuth" name="test_tenant_login_success" time="0.621" /><testcase classname="backend.tests.test_tenant_portal.TestTenantPortalAuth" name="test_tenant_login_invalid_credentials" time="0.695" /><testcase classname="backend.tests.test_tenant_portal.TestTenantPortalProfile" name="test_get_tenant_profile" time="0.386" /><testcase classname="backend.tests.test_tenant_portal.TestTenantPortalProfile" name="test_update_tenant_profile" time="0.466" /><testcase classname="backend.tests.test_tenant_portal.TestTenantDocumentChecklist" name="test_get_document_checklist" time="0.388" /><testcase classname="backend.tests.test_tenant_portal.TestTenantApplicationStatus" name="test_get_application_status" time="0.388" /><testcase classname="backend.tests.test_tenant_portal.TestTenantApplicationStatus" name="test_submit_application" time="0.444" /><testcase classname="backend.tests.test_tenant_portal.TestTenantAppointments" name="test_get_appointments_empty" time="0.392" /><testcase classname="backend.tests.test_tenant_portal.TestTenantAppointments" name="test_create_appointment" time="0.472" /><testcase classname="backend.tests.test_tenant_portal.TestTenantMessages" name="test_get_conversations_empty" time="0.468" /><testcase classname="backend.tests.test_tenant_portal.TestTenantResources" name="test_get_housing_resources" time="0.145" /><testcase classname="backend.tests.test_tenant_portal.TestExistingTenantLogin" name="test_existing_tenant_login" time="0.360" /></testsuite></testsuites>