<?xml version="1.0" encoding="utf-8"?><testsuites name="pytest tests"><testsuite name="pytest" errors="0" failures="4" skipped="0" tests="13" time="2.812" timestamp="2026-02-22T02:55:57.935999+00:00" hostname="agent-env-3c74b23d-54b2-42e1-bb03-86fbeb77999a"><testcase classname="tests.test_2fa_and_pages.Test2FAStatus" name="test_2fa_status_endpoint_returns_200" time="0.551" /><testcase classname="tests.test_2fa_and_pages.Test2FAStatus" name="test_2fa_status_returns_correct_structure" time="0.120" /><testcase classname="tests.test_2fa_and_pages.Test2FAStatus" name="test_2fa_status_shows_disabled_for_free_plan" time="0.107" /><testcase classname="tests.test_2fa_and_pages.Test2FASetup" name="test_2fa_setup_requires_auth" time="0.155" /><testcase classname="tests.test_2fa_and_pages.Test2FASetup" name="test_2fa_setup_validates_password" time="0.394" /><testcase classname="tests.test_2fa_and_pages.Test2FADisable" name="test_2fa_disable_requires_auth" time="0.188" /><testcase classname="tests.test_2fa_and_pages.Test2FAValidate" name="test_2fa_validate_requires_auth" time="0.135" /><testcase classname="tests.test_2fa_and_pages.TestScreeningCredits" name="test_screening_credits_endpoint" time="0.127" /><testcase classname="tests.test_2fa_and_pages.TestRentPayments" name="test_rent_payments_endpoint" time="0.107"><failure message="AssertionError: Expected 200, got 422: {&quot;detail&quot;:[{&quot;type&quot;:&quot;missing&quot;,&quot;loc&quot;:[&quot;query&quot;,&quot;org_id&quot;],&quot;msg&quot;:&quot;Field required&quot;,&quot;input&quot;:null,&quot;url&quot;:&quot;https://errors.pydantic.dev/2.12/v/missing&quot;}]}&#10;assert 422 == 200&#10; +  where 422 = &lt;Response [422]&gt;.status_code">tests/test_2fa_and_pages.py:149: in test_rent_payments_endpoint
    assert response.status_code == 200, f"Expected 200, got {response.status_code}: {response.text}"
E   AssertionError: Expected 200, got 422: {"detail":[{"type":"missing","loc":["query","org_id"],"msg":"Field required","input":null,"url":"https://errors.pydantic.dev/2.12/v/missing"}]}
E   assert 422 == 200
E    +  where 422 = &lt;Response [422]&gt;.status_code</failure></testcase><testcase classname="tests.test_2fa_and_pages.TestRentPayments" name="test_rent_payments_summary" time="0.108"><failure message="AssertionError: Expected 200, got 422: {&quot;detail&quot;:[{&quot;type&quot;:&quot;missing&quot;,&quot;loc&quot;:[&quot;query&quot;,&quot;org_id&quot;],&quot;msg&quot;:&quot;Field required&quot;,&quot;input&quot;:null,&quot;url&quot;:&quot;https://errors.pydantic.dev/2.12/v/missing&quot;}]}&#10;assert 422 == 200&#10; +  where 422 = &lt;Response [422]&gt;.status_code">tests/test_2fa_and_pages.py:157: in test_rent_payments_summary
    assert response.status_code == 200, f"Expected 200, got {response.status_code}: {response.text}"
E   AssertionError: Expected 200, got 422: {"detail":[{"type":"missing","loc":["query","org_id"],"msg":"Field required","input":null,"url":"https://errors.pydantic.dev/2.12/v/missing"}]}
E   assert 422 == 200
E    +  where 422 = &lt;Response [422]&gt;.status_code</failure></testcase><testcase classname="tests.test_2fa_and_pages.TestReports" name="test_reports_types_endpoint" time="0.499"><failure message="AssertionError: Expected 200, got 404: {&quot;detail&quot;:&quot;Not Found&quot;}&#10;assert 404 == 200&#10; +  where 404 = &lt;Response [404]&gt;.status_code">tests/test_2fa_and_pages.py:170: in test_reports_types_endpoint
    assert response.status_code == 200, f"Expected 200, got {response.status_code}: {response.text}"
E   AssertionError: Expected 200, got 404: {"detail":"Not Found"}
E   assert 404 == 200
E    +  where 404 = &lt;Response [404]&gt;.status_code</failure></testcase><testcase classname="tests.test_2fa_and_pages.TestAnalytics" name="test_analytics_overview_endpoint" time="0.102"><failure message="AssertionError: Expected 200, got 404: {&quot;detail&quot;:&quot;Not Found&quot;}&#10;assert 404 == 200&#10; +  where 404 = &lt;Response [404]&gt;.status_code">tests/test_2fa_and_pages.py:180: in test_analytics_overview_endpoint
    assert response.status_code == 200, f"Expected 200, got {response.status_code}: {response.text}"
E   AssertionError: Expected 200, got 404: {"detail":"Not Found"}
E   assert 404 == 200
E    +  where 404 = &lt;Response [404]&gt;.status_code</failure></testcase><testcase classname="tests.test_2fa_and_pages.TestHealthAndBasics" name="test_api_health" time="0.125" /></testsuite></testsuites>