<?xml version="1.0" encoding="utf-8"?><testsuites name="pytest tests"><testsuite name="pytest" errors="0" failures="0" skipped="0" tests="10" time="3.835" timestamp="2026-02-22T02:43:26.544940+00:00" hostname="agent-env-3c74b23d-54b2-42e1-bb03-86fbeb77999a"><testcase classname="tests.test_screening_payments.TestScreeningCredits" name="test_get_screening_credits" time="0.643" /><testcase classname="tests.test_screening_payments.TestScreeningCredits" name="test_purchase_credits_invalid_package" time="0.118" /><testcase classname="tests.test_screening_payments.TestScreeningCredits" name="test_purchase_credits_valid_package" time="0.393" /><testcase classname="tests.test_screening_payments.TestScreeningCredits" name="test_screening_requests_endpoint" time="0.290" /><testcase classname="tests.test_screening_payments.TestRentPayments" name="test_get_rent_payments" time="0.611" /><testcase classname="tests.test_screening_payments.TestRentPayments" name="test_get_rent_payments_summary" time="0.110" /><testcase classname="tests.test_screening_payments.TestRentPayments" name="test_generate_monthly_payments" time="0.105" /><testcase classname="tests.test_screening_payments.TestRentPayments" name="test_rent_payments_status_filter" time="0.378" /><testcase classname="tests.test_screening_payments.TestBillingSubscription" name="test_subscription_status" time="0.470" /><testcase classname="tests.test_screening_payments.TestTenantsForScreening" name="test_list_tenants" time="0.644" /></testsuite></testsuites>