<?xml version="1.0" encoding="utf-8"?><testsuites name="pytest tests"><testsuite name="pytest" errors="0" failures="0" skipped="0" tests="13" time="2.449" timestamp="2026-02-22T02:56:21.689396+00:00" hostname="agent-env-3c74b23d-54b2-42e1-bb03-86fbeb77999a"><testcase classname="tests.test_2fa_and_pages.Test2FAStatus" name="test_2fa_status_endpoint_returns_200" time="0.548" /><testcase classname="tests.test_2fa_and_pages.Test2FAStatus" name="test_2fa_status_returns_correct_structure" time="0.123" /><testcase classname="tests.test_2fa_and_pages.Test2FAStatus" name="test_2fa_status_shows_disabled_for_free_plan" time="0.111" /><testcase classname="tests.test_2fa_and_pages.Test2FASetup" name="test_2fa_setup_requires_auth" time="0.125" /><testcase classname="tests.test_2fa_and_pages.Test2FASetup" name="test_2fa_setup_validates_password" time="0.330" /><testcase classname="tests.test_2fa_and_pages.Test2FADisable" name="test_2fa_disable_requires_auth" time="0.110" /><testcase classname="tests.test_2fa_and_pages.Test2FAValidate" name="test_2fa_validate_requires_auth" time="0.110" /><testcase classname="tests.test_2fa_and_pages.TestScreeningCredits" name="test_screening_credits_endpoint" time="0.129" /><testcase classname="tests.test_2fa_and_pages.TestRentPayments" name="test_rent_payments_endpoint" time="0.303" /><testcase classname="tests.test_2fa_and_pages.TestRentPayments" name="test_rent_payments_summary" time="0.114" /><testcase classname="tests.test_2fa_and_pages.TestReports" name="test_reports_export_endpoint" time="0.124" /><testcase classname="tests.test_2fa_and_pages.TestAnalytics" name="test_analytics_dashboard_endpoint" time="0.125" /><testcase classname="tests.test_2fa_and_pages.TestHealthAndBasics" name="test_api_health" time="0.131" /></testsuite></testsuites>