<?xml version="1.0" encoding="utf-8"?><testsuites name="pytest tests"><testsuite name="pytest" errors="0" failures="0" skipped="0" tests="9" time="5.687" timestamp="2026-02-22T00:33:13.857933+00:00" hostname="agent-env-6caca83b-b422-4bf7-83d5-faefc3110f04"><testcase classname="tests.test_screening_payments.TestScreeningEndpoints" name="test_get_screening_requests_empty" time="0.768" /><testcase classname="tests.test_screening_payments.TestScreeningEndpoints" name="test_screening_requires_auth" time="0.600" /><testcase classname="tests.test_screening_payments.TestScreeningEndpoints" name="test_create_screening_requires_tenant" time="0.570" /><testcase classname="tests.test_screening_payments.TestRentPaymentsEndpoints" name="test_get_rent_payments" time="0.603" /><testcase classname="tests.test_screening_payments.TestRentPaymentsEndpoints" name="test_get_rent_summary" time="0.591" /><testcase classname="tests.test_screening_payments.TestRentPaymentsEndpoints" name="test_rent_payments_requires_auth" time="0.645" /><testcase classname="tests.test_screening_payments.TestRentPaymentsEndpoints" name="test_create_payment_requires_valid_tenant_unit" time="0.665" /><testcase classname="tests.test_screening_payments.TestIntegration" name="test_get_tenants_for_screening" time="0.578" /><testcase classname="tests.test_screening_payments.TestIntegration" name="test_get_units_for_payments" time="0.616" /></testsuite></testsuites>