<?xml version="1.0" encoding="utf-8"?><testsuites name="pytest tests"><testsuite name="pytest" errors="0" failures="1" skipped="0" tests="7" time="2.728" timestamp="2026-02-23T04:01:11.782876+00:00" hostname="agent-env-f0ec7623-1c7c-40e3-8f7c-fbf253c49d9e"><testcase classname="backend.tests.test_websocket.TestWebSocketFeatures" name="test_ws_status_endpoint" time="0.227" /><testcase classname="backend.tests.test_websocket.TestWebSocketFeatures" name="test_manager_login_returns_token" time="0.326" /><testcase classname="backend.tests.test_websocket.TestWebSocketFeatures" name="test_notifications_endpoint" time="0.464" /><testcase classname="backend.tests.test_websocket.TestWebSocketFeatures" name="test_mark_notification_read" time="0.590" /><testcase classname="backend.tests.test_websocket.TestWebSocketFeatures" name="test_mark_all_notifications_read" time="0.512" /><testcase classname="backend.tests.test_websocket.TestWebSocketFeatures" name="test_health_endpoint" time="0.104" /><testcase classname="backend.tests.test_websocket.TestWebSocketFeatures" name="test_dashboard_stats" time="0.440"><failure message="AssertionError: Expected 200, got 404&#10;assert 404 == 200&#10; +  where 404 = &lt;Response [404]&gt;.status_code">backend/tests/test_websocket.py:148: in test_dashboard_stats
    assert response.status_code == 200, f"Expected 200, got {response.status_code}"
E   AssertionError: Expected 200, got 404
E   assert 404 == 200
E    +  where 404 = &lt;Response [404]&gt;.status_code</failure></testcase></testsuite></testsuites>