<?xml version="1.0" encoding="utf-8"?><testsuites name="pytest tests"><testsuite name="pytest" errors="0" failures="0" skipped="0" tests="7" time="2.722" timestamp="2026-02-23T04:01:29.081114+00:00" hostname="agent-env-f0ec7623-1c7c-40e3-8f7c-fbf253c49d9e"><testcase classname="backend.tests.test_websocket.TestWebSocketFeatures" name="test_ws_status_endpoint" time="0.149" /><testcase classname="backend.tests.test_websocket.TestWebSocketFeatures" name="test_manager_login_returns_token" time="0.345" /><testcase classname="backend.tests.test_websocket.TestWebSocketFeatures" name="test_notifications_endpoint" time="0.437" /><testcase classname="backend.tests.test_websocket.TestWebSocketFeatures" name="test_mark_notification_read" time="0.630" /><testcase classname="backend.tests.test_websocket.TestWebSocketFeatures" name="test_mark_all_notifications_read" time="0.437" /><testcase classname="backend.tests.test_websocket.TestWebSocketFeatures" name="test_health_endpoint" time="0.109" /><testcase classname="backend.tests.test_websocket.TestWebSocketFeatures" name="test_dashboard_stats" time="0.557" /></testsuite></testsuites>